<?xml version="1.0" encoding="UTF-8"?>
<testsuite name="it.unibo.functional.TestFunctionalLibrary" tests="3" skipped="0" failures="0" errors="0" timestamp="2025-11-04T21:06:24.414Z" hostname="NBKSAMUELEZANI" time="0.017">
  <properties/>
  <testcase name="testFlatten()" classname="it.unibo.functional.TestFunctionalLibrary" time="0.006"/>
  <testcase name="testSelectAndReject()" classname="it.unibo.functional.TestFunctionalLibrary" time="0.004"/>
  <testcase name="testTransform()" classname="it.unibo.functional.TestFunctionalLibrary" time="0.003"/>
  <system-out><![CDATA[]]></system-out>
  <system-err><![CDATA[]]></system-err>
</testsuite>
